<?xml version="1.0" encoding="UTF-8"?>
<!-- Generated by org.testng.reporters.JUnitReportReporter -->
<testsuite skipped="0" hostname="BobITs-Mac-mini.fios-router.home" name="com.ilhanturkmen.paginationhelper.test.PaginationHelperTest" tests="1" failures="0" timestamp="2021-03-23T21:36:49 EDT" time="0.009" errors="0">
  <testcase name="getPageCount" time="0.009" classname="com.ilhanturkmen.paginationhelper.test.PaginationHelperTest"/>
  <system-out/>
</testsuite> <!-- com.ilhanturkmen.paginationhelper.test.PaginationHelperTest -->
