<?xml version="1.0" encoding="UTF-8"?>
<!-- Generated by org.testng.reporters.JUnitReportReporter -->
<testsuite skipped="0" hostname="BobITs-Mac-mini.fios-router.home" name="com.ilhanturkmen.paginationhelper.test.PaginationHelperTest" tests="1" failures="0" timestamp="2021-03-22T23:22:38 EDT" time="0.006" errors="0">
  <testcase name="getItemCount" time="0.006" classname="com.ilhanturkmen.paginationhelper.test.PaginationHelperTest"/>
  <system-out/>
</testsuite> <!-- com.ilhanturkmen.paginationhelper.test.PaginationHelperTest -->
